[2015-11-24 14:11:23,729][INFO ][node                     ] [Black Cat] version[2.0.0], pid[1726], build[de54438/2015-10-22T08:09:48Z]
[2015-11-24 14:11:23,731][INFO ][node                     ] [Black Cat] initializing ...
[2015-11-24 14:11:23,883][INFO ][plugins                  ] [Black Cat] loaded [], sites []
[2015-11-24 14:11:24,040][INFO ][env                      ] [Black Cat] using [1] data paths, mounts [[/ (/dev/disk0s2)]], net usable_space [18gb], net total_space [464.9gb], spins? [unknown], types [hfs]
[2015-11-24 14:11:26,633][INFO ][node                     ] [Black Cat] initialized
[2015-11-24 14:11:26,633][INFO ][node                     ] [Black Cat] starting ...
[2015-11-24 14:11:26,741][INFO ][transport                ] [Black Cat] publish_address {127.0.0.1:9300}, bound_addresses {127.0.0.1:9300}, {[fe80::1]:9300}, {[::1]:9300}
[2015-11-24 14:11:26,753][INFO ][discovery                ] [Black Cat] elasticsearch/4IXR8c2cR4K9T7iBxzMDQA
[2015-11-24 14:11:30,155][INFO ][cluster.service          ] [Black Cat] new_master {Black Cat}{4IXR8c2cR4K9T7iBxzMDQA}{127.0.0.1}{127.0.0.1:9300}, reason: zen-disco-join(elected_as_master, [0] joins received)
[2015-11-24 14:11:30,187][INFO ][http                     ] [Black Cat] publish_address {127.0.0.1:9200}, bound_addresses {127.0.0.1:9200}, {[fe80::1]:9200}, {[::1]:9200}
[2015-11-24 14:11:30,188][INFO ][node                     ] [Black Cat] started
[2015-11-24 14:11:30,202][INFO ][gateway                  ] [Black Cat] recovered [0] indices into cluster_state
[2015-11-24 14:12:00,172][WARN ][cluster.routing.allocation.decider] [Black Cat] high disk watermark [90%] exceeded on [4IXR8c2cR4K9T7iBxzMDQA][Black Cat][/Users/N05F3R4TU/NimbusFramework/Dashboard/ElasticSearch/data/elasticsearch/nodes/0] free: 18gb[3.8%], shards will be relocated away from this node
[2015-11-24 14:12:00,172][INFO ][cluster.routing.allocation.decider] [Black Cat] rerouting shards: [high disk watermark exceeded on one or more nodes]
[2015-11-24 14:12:30,168][WARN ][cluster.routing.allocation.decider] [Black Cat] high disk watermark [90%] exceeded on [4IXR8c2cR4K9T7iBxzMDQA][Black Cat][/Users/N05F3R4TU/NimbusFramework/Dashboard/ElasticSearch/data/elasticsearch/nodes/0] free: 18gb[3.8%], shards will be relocated away from this node
[2015-11-24 14:13:00,171][WARN ][cluster.routing.allocation.decider] [Black Cat] high disk watermark [90%] exceeded on [4IXR8c2cR4K9T7iBxzMDQA][Black Cat][/Users/N05F3R4TU/NimbusFramework/Dashboard/ElasticSearch/data/elasticsearch/nodes/0] free: 18gb[3.8%], shards will be relocated away from this node
[2015-11-24 14:13:00,171][INFO ][cluster.routing.allocation.decider] [Black Cat] rerouting shards: [high disk watermark exceeded on one or more nodes]
[2015-11-24 14:13:30,173][WARN ][cluster.routing.allocation.decider] [Black Cat] high disk watermark [90%] exceeded on [4IXR8c2cR4K9T7iBxzMDQA][Black Cat][/Users/N05F3R4TU/NimbusFramework/Dashboard/ElasticSearch/data/elasticsearch/nodes/0] free: 18gb[3.8%], shards will be relocated away from this node
[2015-11-24 14:14:00,175][WARN ][cluster.routing.allocation.decider] [Black Cat] high disk watermark [90%] exceeded on [4IXR8c2cR4K9T7iBxzMDQA][Black Cat][/Users/N05F3R4TU/NimbusFramework/Dashboard/ElasticSearch/data/elasticsearch/nodes/0] free: 18gb[3.8%], shards will be relocated away from this node
[2015-11-24 14:14:00,175][INFO ][cluster.routing.allocation.decider] [Black Cat] rerouting shards: [high disk watermark exceeded on one or more nodes]
[2015-11-24 14:14:30,178][WARN ][cluster.routing.allocation.decider] [Black Cat] high disk watermark [90%] exceeded on [4IXR8c2cR4K9T7iBxzMDQA][Black Cat][/Users/N05F3R4TU/NimbusFramework/Dashboard/ElasticSearch/data/elasticsearch/nodes/0] free: 18gb[3.8%], shards will be relocated away from this node
[2015-11-24 14:15:00,181][WARN ][cluster.routing.allocation.decider] [Black Cat] high disk watermark [90%] exceeded on [4IXR8c2cR4K9T7iBxzMDQA][Black Cat][/Users/N05F3R4TU/NimbusFramework/Dashboard/ElasticSearch/data/elasticsearch/nodes/0] free: 18gb[3.8%], shards will be relocated away from this node
[2015-11-24 14:15:00,181][INFO ][cluster.routing.allocation.decider] [Black Cat] rerouting shards: [high disk watermark exceeded on one or more nodes]
[2015-11-24 14:15:30,183][WARN ][cluster.routing.allocation.decider] [Black Cat] high disk watermark [90%] exceeded on [4IXR8c2cR4K9T7iBxzMDQA][Black Cat][/Users/N05F3R4TU/NimbusFramework/Dashboard/ElasticSearch/data/elasticsearch/nodes/0] free: 18gb[3.8%], shards will be relocated away from this node
[2015-11-24 14:16:00,181][WARN ][cluster.routing.allocation.decider] [Black Cat] high disk watermark [90%] exceeded on [4IXR8c2cR4K9T7iBxzMDQA][Black Cat][/Users/N05F3R4TU/NimbusFramework/Dashboard/ElasticSearch/data/elasticsearch/nodes/0] free: 18gb[3.8%], shards will be relocated away from this node
[2015-11-24 14:16:00,181][INFO ][cluster.routing.allocation.decider] [Black Cat] rerouting shards: [high disk watermark exceeded on one or more nodes]
[2015-11-24 14:16:30,181][WARN ][cluster.routing.allocation.decider] [Black Cat] high disk watermark [90%] exceeded on [4IXR8c2cR4K9T7iBxzMDQA][Black Cat][/Users/N05F3R4TU/NimbusFramework/Dashboard/ElasticSearch/data/elasticsearch/nodes/0] free: 18gb[3.8%], shards will be relocated away from this node
[2015-11-24 14:17:00,181][WARN ][cluster.routing.allocation.decider] [Black Cat] high disk watermark [90%] exceeded on [4IXR8c2cR4K9T7iBxzMDQA][Black Cat][/Users/N05F3R4TU/NimbusFramework/Dashboard/ElasticSearch/data/elasticsearch/nodes/0] free: 18gb[3.8%], shards will be relocated away from this node
[2015-11-24 14:17:00,181][INFO ][cluster.routing.allocation.decider] [Black Cat] rerouting shards: [high disk watermark exceeded on one or more nodes]
[2015-11-24 14:17:30,181][WARN ][cluster.routing.allocation.decider] [Black Cat] high disk watermark [90%] exceeded on [4IXR8c2cR4K9T7iBxzMDQA][Black Cat][/Users/N05F3R4TU/NimbusFramework/Dashboard/ElasticSearch/data/elasticsearch/nodes/0] free: 18gb[3.8%], shards will be relocated away from this node
[2015-11-24 14:18:00,184][WARN ][cluster.routing.allocation.decider] [Black Cat] high disk watermark [90%] exceeded on [4IXR8c2cR4K9T7iBxzMDQA][Black Cat][/Users/N05F3R4TU/NimbusFramework/Dashboard/ElasticSearch/data/elasticsearch/nodes/0] free: 18gb[3.8%], shards will be relocated away from this node
[2015-11-24 14:18:00,184][INFO ][cluster.routing.allocation.decider] [Black Cat] rerouting shards: [high disk watermark exceeded on one or more nodes]
[2015-11-24 14:18:30,230][WARN ][cluster.routing.allocation.decider] [Black Cat] high disk watermark [90%] exceeded on [4IXR8c2cR4K9T7iBxzMDQA][Black Cat][/Users/N05F3R4TU/NimbusFramework/Dashboard/ElasticSearch/data/elasticsearch/nodes/0] free: 18gb[3.8%], shards will be relocated away from this node
[2015-11-24 14:19:00,192][WARN ][cluster.routing.allocation.decider] [Black Cat] high disk watermark [90%] exceeded on [4IXR8c2cR4K9T7iBxzMDQA][Black Cat][/Users/N05F3R4TU/NimbusFramework/Dashboard/ElasticSearch/data/elasticsearch/nodes/0] free: 18gb[3.8%], shards will be relocated away from this node
[2015-11-24 14:19:00,192][INFO ][cluster.routing.allocation.decider] [Black Cat] rerouting shards: [high disk watermark exceeded on one or more nodes]
[2015-11-24 14:19:30,190][WARN ][cluster.routing.allocation.decider] [Black Cat] high disk watermark [90%] exceeded on [4IXR8c2cR4K9T7iBxzMDQA][Black Cat][/Users/N05F3R4TU/NimbusFramework/Dashboard/ElasticSearch/data/elasticsearch/nodes/0] free: 18gb[3.8%], shards will be relocated away from this node
[2015-11-24 14:20:00,192][WARN ][cluster.routing.allocation.decider] [Black Cat] high disk watermark [90%] exceeded on [4IXR8c2cR4K9T7iBxzMDQA][Black Cat][/Users/N05F3R4TU/NimbusFramework/Dashboard/ElasticSearch/data/elasticsearch/nodes/0] free: 18gb[3.8%], shards will be relocated away from this node
[2015-11-24 14:20:00,192][INFO ][cluster.routing.allocation.decider] [Black Cat] rerouting shards: [high disk watermark exceeded on one or more nodes]
[2015-11-24 14:20:30,191][WARN ][cluster.routing.allocation.decider] [Black Cat] high disk watermark [90%] exceeded on [4IXR8c2cR4K9T7iBxzMDQA][Black Cat][/Users/N05F3R4TU/NimbusFramework/Dashboard/ElasticSearch/data/elasticsearch/nodes/0] free: 18gb[3.8%], shards will be relocated away from this node
[2015-11-24 14:21:00,191][WARN ][cluster.routing.allocation.decider] [Black Cat] high disk watermark [90%] exceeded on [4IXR8c2cR4K9T7iBxzMDQA][Black Cat][/Users/N05F3R4TU/NimbusFramework/Dashboard/ElasticSearch/data/elasticsearch/nodes/0] free: 18gb[3.8%], shards will be relocated away from this node
[2015-11-24 14:21:00,191][INFO ][cluster.routing.allocation.decider] [Black Cat] rerouting shards: [high disk watermark exceeded on one or more nodes]
[2015-11-24 14:21:30,189][WARN ][cluster.routing.allocation.decider] [Black Cat] high disk watermark [90%] exceeded on [4IXR8c2cR4K9T7iBxzMDQA][Black Cat][/Users/N05F3R4TU/NimbusFramework/Dashboard/ElasticSearch/data/elasticsearch/nodes/0] free: 18gb[3.8%], shards will be relocated away from this node
[2015-11-24 14:22:00,194][WARN ][cluster.routing.allocation.decider] [Black Cat] high disk watermark [90%] exceeded on [4IXR8c2cR4K9T7iBxzMDQA][Black Cat][/Users/N05F3R4TU/NimbusFramework/Dashboard/ElasticSearch/data/elasticsearch/nodes/0] free: 18gb[3.8%], shards will be relocated away from this node
[2015-11-24 14:22:00,194][INFO ][cluster.routing.allocation.decider] [Black Cat] rerouting shards: [high disk watermark exceeded on one or more nodes]
[2015-11-24 14:22:30,197][WARN ][cluster.routing.allocation.decider] [Black Cat] high disk watermark [90%] exceeded on [4IXR8c2cR4K9T7iBxzMDQA][Black Cat][/Users/N05F3R4TU/NimbusFramework/Dashboard/ElasticSearch/data/elasticsearch/nodes/0] free: 18gb[3.8%], shards will be relocated away from this node
[2015-11-24 14:23:00,217][WARN ][cluster.routing.allocation.decider] [Black Cat] high disk watermark [90%] exceeded on [4IXR8c2cR4K9T7iBxzMDQA][Black Cat][/Users/N05F3R4TU/NimbusFramework/Dashboard/ElasticSearch/data/elasticsearch/nodes/0] free: 18gb[3.8%], shards will be relocated away from this node
[2015-11-24 14:23:00,217][INFO ][cluster.routing.allocation.decider] [Black Cat] rerouting shards: [high disk watermark exceeded on one or more nodes]
[2015-11-24 14:23:30,208][WARN ][cluster.routing.allocation.decider] [Black Cat] high disk watermark [90%] exceeded on [4IXR8c2cR4K9T7iBxzMDQA][Black Cat][/Users/N05F3R4TU/NimbusFramework/Dashboard/ElasticSearch/data/elasticsearch/nodes/0] free: 18gb[3.8%], shards will be relocated away from this node
[2015-11-24 14:24:00,210][WARN ][cluster.routing.allocation.decider] [Black Cat] high disk watermark [90%] exceeded on [4IXR8c2cR4K9T7iBxzMDQA][Black Cat][/Users/N05F3R4TU/NimbusFramework/Dashboard/ElasticSearch/data/elasticsearch/nodes/0] free: 18gb[3.8%], shards will be relocated away from this node
[2015-11-24 14:24:30,209][WARN ][cluster.routing.allocation.decider] [Black Cat] high disk watermark [90%] exceeded on [4IXR8c2cR4K9T7iBxzMDQA][Black Cat][/Users/N05F3R4TU/NimbusFramework/Dashboard/ElasticSearch/data/elasticsearch/nodes/0] free: 18gb[3.8%], shards will be relocated away from this node
[2015-11-24 14:24:30,210][INFO ][cluster.routing.allocation.decider] [Black Cat] rerouting shards: [high disk watermark exceeded on one or more nodes]
[2015-11-24 14:25:00,213][WARN ][cluster.routing.allocation.decider] [Black Cat] high disk watermark [90%] exceeded on [4IXR8c2cR4K9T7iBxzMDQA][Black Cat][/Users/N05F3R4TU/NimbusFramework/Dashboard/ElasticSearch/data/elasticsearch/nodes/0] free: 18gb[3.8%], shards will be relocated away from this node
[2015-11-24 14:25:30,214][WARN ][cluster.routing.allocation.decider] [Black Cat] high disk watermark [90%] exceeded on [4IXR8c2cR4K9T7iBxzMDQA][Black Cat][/Users/N05F3R4TU/NimbusFramework/Dashboard/ElasticSearch/data/elasticsearch/nodes/0] free: 18gb[3.8%], shards will be relocated away from this node
[2015-11-24 14:25:30,215][INFO ][cluster.routing.allocation.decider] [Black Cat] rerouting shards: [high disk watermark exceeded on one or more nodes]
[2015-11-24 14:26:00,215][WARN ][cluster.routing.allocation.decider] [Black Cat] high disk watermark [90%] exceeded on [4IXR8c2cR4K9T7iBxzMDQA][Black Cat][/Users/N05F3R4TU/NimbusFramework/Dashboard/ElasticSearch/data/elasticsearch/nodes/0] free: 18gb[3.8%], shards will be relocated away from this node
[2015-11-24 14:26:30,218][WARN ][cluster.routing.allocation.decider] [Black Cat] high disk watermark [90%] exceeded on [4IXR8c2cR4K9T7iBxzMDQA][Black Cat][/Users/N05F3R4TU/NimbusFramework/Dashboard/ElasticSearch/data/elasticsearch/nodes/0] free: 18gb[3.8%], shards will be relocated away from this node
[2015-11-24 14:26:30,218][INFO ][cluster.routing.allocation.decider] [Black Cat] rerouting shards: [high disk watermark exceeded on one or more nodes]
[2015-11-24 14:27:00,220][WARN ][cluster.routing.allocation.decider] [Black Cat] high disk watermark [90%] exceeded on [4IXR8c2cR4K9T7iBxzMDQA][Black Cat][/Users/N05F3R4TU/NimbusFramework/Dashboard/ElasticSearch/data/elasticsearch/nodes/0] free: 18gb[3.8%], shards will be relocated away from this node
[2015-11-24 14:27:30,232][WARN ][cluster.routing.allocation.decider] [Black Cat] high disk watermark [90%] exceeded on [4IXR8c2cR4K9T7iBxzMDQA][Black Cat][/Users/N05F3R4TU/NimbusFramework/Dashboard/ElasticSearch/data/elasticsearch/nodes/0] free: 18gb[3.8%], shards will be relocated away from this node
[2015-11-24 14:27:30,232][INFO ][cluster.routing.allocation.decider] [Black Cat] rerouting shards: [high disk watermark exceeded on one or more nodes]
[2015-11-24 14:28:00,223][WARN ][cluster.routing.allocation.decider] [Black Cat] high disk watermark [90%] exceeded on [4IXR8c2cR4K9T7iBxzMDQA][Black Cat][/Users/N05F3R4TU/NimbusFramework/Dashboard/ElasticSearch/data/elasticsearch/nodes/0] free: 18gb[3.8%], shards will be relocated away from this node
[2015-11-24 14:28:30,226][WARN ][cluster.routing.allocation.decider] [Black Cat] high disk watermark [90%] exceeded on [4IXR8c2cR4K9T7iBxzMDQA][Black Cat][/Users/N05F3R4TU/NimbusFramework/Dashboard/ElasticSearch/data/elasticsearch/nodes/0] free: 18gb[3.8%], shards will be relocated away from this node
[2015-11-24 14:29:00,228][WARN ][cluster.routing.allocation.decider] [Black Cat] high disk watermark [90%] exceeded on [4IXR8c2cR4K9T7iBxzMDQA][Black Cat][/Users/N05F3R4TU/NimbusFramework/Dashboard/ElasticSearch/data/elasticsearch/nodes/0] free: 18gb[3.8%], shards will be relocated away from this node
[2015-11-24 14:29:00,228][INFO ][cluster.routing.allocation.decider] [Black Cat] rerouting shards: [high disk watermark exceeded on one or more nodes]
[2015-11-24 14:29:30,231][WARN ][cluster.routing.allocation.decider] [Black Cat] high disk watermark [90%] exceeded on [4IXR8c2cR4K9T7iBxzMDQA][Black Cat][/Users/N05F3R4TU/NimbusFramework/Dashboard/ElasticSearch/data/elasticsearch/nodes/0] free: 18gb[3.8%], shards will be relocated away from this node
[2015-11-24 14:30:00,234][WARN ][cluster.routing.allocation.decider] [Black Cat] high disk watermark [90%] exceeded on [4IXR8c2cR4K9T7iBxzMDQA][Black Cat][/Users/N05F3R4TU/NimbusFramework/Dashboard/ElasticSearch/data/elasticsearch/nodes/0] free: 18gb[3.8%], shards will be relocated away from this node
[2015-11-24 14:30:00,234][INFO ][cluster.routing.allocation.decider] [Black Cat] rerouting shards: [high disk watermark exceeded on one or more nodes]
[2015-11-24 14:30:30,234][WARN ][cluster.routing.allocation.decider] [Black Cat] high disk watermark [90%] exceeded on [4IXR8c2cR4K9T7iBxzMDQA][Black Cat][/Users/N05F3R4TU/NimbusFramework/Dashboard/ElasticSearch/data/elasticsearch/nodes/0] free: 18gb[3.8%], shards will be relocated away from this node
[2015-11-24 14:31:00,237][WARN ][cluster.routing.allocation.decider] [Black Cat] high disk watermark [90%] exceeded on [4IXR8c2cR4K9T7iBxzMDQA][Black Cat][/Users/N05F3R4TU/NimbusFramework/Dashboard/ElasticSearch/data/elasticsearch/nodes/0] free: 18gb[3.8%], shards will be relocated away from this node
[2015-11-24 14:31:00,237][INFO ][cluster.routing.allocation.decider] [Black Cat] rerouting shards: [high disk watermark exceeded on one or more nodes]
[2015-11-24 14:31:30,239][WARN ][cluster.routing.allocation.decider] [Black Cat] high disk watermark [90%] exceeded on [4IXR8c2cR4K9T7iBxzMDQA][Black Cat][/Users/N05F3R4TU/NimbusFramework/Dashboard/ElasticSearch/data/elasticsearch/nodes/0] free: 18gb[3.8%], shards will be relocated away from this node
[2015-11-24 14:32:00,241][WARN ][cluster.routing.allocation.decider] [Black Cat] high disk watermark [90%] exceeded on [4IXR8c2cR4K9T7iBxzMDQA][Black Cat][/Users/N05F3R4TU/NimbusFramework/Dashboard/ElasticSearch/data/elasticsearch/nodes/0] free: 18gb[3.8%], shards will be relocated away from this node
[2015-11-24 14:32:00,241][INFO ][cluster.routing.allocation.decider] [Black Cat] rerouting shards: [high disk watermark exceeded on one or more nodes]
[2015-11-24 14:32:30,241][WARN ][cluster.routing.allocation.decider] [Black Cat] high disk watermark [90%] exceeded on [4IXR8c2cR4K9T7iBxzMDQA][Black Cat][/Users/N05F3R4TU/NimbusFramework/Dashboard/ElasticSearch/data/elasticsearch/nodes/0] free: 18gb[3.8%], shards will be relocated away from this node
[2015-11-24 14:33:00,243][WARN ][cluster.routing.allocation.decider] [Black Cat] high disk watermark [90%] exceeded on [4IXR8c2cR4K9T7iBxzMDQA][Black Cat][/Users/N05F3R4TU/NimbusFramework/Dashboard/ElasticSearch/data/elasticsearch/nodes/0] free: 18gb[3.8%], shards will be relocated away from this node
[2015-11-24 14:33:00,243][INFO ][cluster.routing.allocation.decider] [Black Cat] rerouting shards: [high disk watermark exceeded on one or more nodes]
[2015-11-24 14:33:30,243][WARN ][cluster.routing.allocation.decider] [Black Cat] high disk watermark [90%] exceeded on [4IXR8c2cR4K9T7iBxzMDQA][Black Cat][/Users/N05F3R4TU/NimbusFramework/Dashboard/ElasticSearch/data/elasticsearch/nodes/0] free: 18gb[3.8%], shards will be relocated away from this node
[2015-11-24 14:34:00,246][WARN ][cluster.routing.allocation.decider] [Black Cat] high disk watermark [90%] exceeded on [4IXR8c2cR4K9T7iBxzMDQA][Black Cat][/Users/N05F3R4TU/NimbusFramework/Dashboard/ElasticSearch/data/elasticsearch/nodes/0] free: 18gb[3.8%], shards will be relocated away from this node
[2015-11-24 14:34:00,246][INFO ][cluster.routing.allocation.decider] [Black Cat] rerouting shards: [high disk watermark exceeded on one or more nodes]
[2015-11-24 14:34:30,244][WARN ][cluster.routing.allocation.decider] [Black Cat] high disk watermark [90%] exceeded on [4IXR8c2cR4K9T7iBxzMDQA][Black Cat][/Users/N05F3R4TU/NimbusFramework/Dashboard/ElasticSearch/data/elasticsearch/nodes/0] free: 18gb[3.8%], shards will be relocated away from this node
[2015-11-24 14:35:00,247][WARN ][cluster.routing.allocation.decider] [Black Cat] high disk watermark [90%] exceeded on [4IXR8c2cR4K9T7iBxzMDQA][Black Cat][/Users/N05F3R4TU/NimbusFramework/Dashboard/ElasticSearch/data/elasticsearch/nodes/0] free: 18gb[3.8%], shards will be relocated away from this node
[2015-11-24 14:35:00,248][INFO ][cluster.routing.allocation.decider] [Black Cat] rerouting shards: [high disk watermark exceeded on one or more nodes]
[2015-11-24 14:35:30,250][WARN ][cluster.routing.allocation.decider] [Black Cat] high disk watermark [90%] exceeded on [4IXR8c2cR4K9T7iBxzMDQA][Black Cat][/Users/N05F3R4TU/NimbusFramework/Dashboard/ElasticSearch/data/elasticsearch/nodes/0] free: 18gb[3.8%], shards will be relocated away from this node
[2015-11-24 14:36:00,251][WARN ][cluster.routing.allocation.decider] [Black Cat] high disk watermark [90%] exceeded on [4IXR8c2cR4K9T7iBxzMDQA][Black Cat][/Users/N05F3R4TU/NimbusFramework/Dashboard/ElasticSearch/data/elasticsearch/nodes/0] free: 18gb[3.8%], shards will be relocated away from this node
[2015-11-24 14:36:00,251][INFO ][cluster.routing.allocation.decider] [Black Cat] rerouting shards: [high disk watermark exceeded on one or more nodes]
[2015-11-24 14:36:30,252][WARN ][cluster.routing.allocation.decider] [Black Cat] high disk watermark [90%] exceeded on [4IXR8c2cR4K9T7iBxzMDQA][Black Cat][/Users/N05F3R4TU/NimbusFramework/Dashboard/ElasticSearch/data/elasticsearch/nodes/0] free: 18gb[3.8%], shards will be relocated away from this node
[2015-11-24 14:37:00,254][WARN ][cluster.routing.allocation.decider] [Black Cat] high disk watermark [90%] exceeded on [4IXR8c2cR4K9T7iBxzMDQA][Black Cat][/Users/N05F3R4TU/NimbusFramework/Dashboard/ElasticSearch/data/elasticsearch/nodes/0] free: 18gb[3.8%], shards will be relocated away from this node
[2015-11-24 14:37:00,254][INFO ][cluster.routing.allocation.decider] [Black Cat] rerouting shards: [high disk watermark exceeded on one or more nodes]
[2015-11-24 14:37:30,258][WARN ][cluster.routing.allocation.decider] [Black Cat] high disk watermark [90%] exceeded on [4IXR8c2cR4K9T7iBxzMDQA][Black Cat][/Users/N05F3R4TU/NimbusFramework/Dashboard/ElasticSearch/data/elasticsearch/nodes/0] free: 18gb[3.8%], shards will be relocated away from this node
[2015-11-24 14:38:00,260][WARN ][cluster.routing.allocation.decider] [Black Cat] high disk watermark [90%] exceeded on [4IXR8c2cR4K9T7iBxzMDQA][Black Cat][/Users/N05F3R4TU/NimbusFramework/Dashboard/ElasticSearch/data/elasticsearch/nodes/0] free: 18gb[3.8%], shards will be relocated away from this node
[2015-11-24 14:38:00,260][INFO ][cluster.routing.allocation.decider] [Black Cat] rerouting shards: [high disk watermark exceeded on one or more nodes]
[2015-11-24 14:38:30,260][WARN ][cluster.routing.allocation.decider] [Black Cat] high disk watermark [90%] exceeded on [4IXR8c2cR4K9T7iBxzMDQA][Black Cat][/Users/N05F3R4TU/NimbusFramework/Dashboard/ElasticSearch/data/elasticsearch/nodes/0] free: 18gb[3.8%], shards will be relocated away from this node
[2015-11-24 14:39:00,262][WARN ][cluster.routing.allocation.decider] [Black Cat] high disk watermark [90%] exceeded on [4IXR8c2cR4K9T7iBxzMDQA][Black Cat][/Users/N05F3R4TU/NimbusFramework/Dashboard/ElasticSearch/data/elasticsearch/nodes/0] free: 18gb[3.8%], shards will be relocated away from this node
[2015-11-24 14:39:00,262][INFO ][cluster.routing.allocation.decider] [Black Cat] rerouting shards: [high disk watermark exceeded on one or more nodes]
[2015-11-24 14:39:30,262][WARN ][cluster.routing.allocation.decider] [Black Cat] high disk watermark [90%] exceeded on [4IXR8c2cR4K9T7iBxzMDQA][Black Cat][/Users/N05F3R4TU/NimbusFramework/Dashboard/ElasticSearch/data/elasticsearch/nodes/0] free: 18gb[3.8%], shards will be relocated away from this node
[2015-11-24 14:40:00,264][WARN ][cluster.routing.allocation.decider] [Black Cat] high disk watermark [90%] exceeded on [4IXR8c2cR4K9T7iBxzMDQA][Black Cat][/Users/N05F3R4TU/NimbusFramework/Dashboard/ElasticSearch/data/elasticsearch/nodes/0] free: 18gb[3.8%], shards will be relocated away from this node
[2015-11-24 14:40:00,264][INFO ][cluster.routing.allocation.decider] [Black Cat] rerouting shards: [high disk watermark exceeded on one or more nodes]
[2015-11-24 14:40:30,266][WARN ][cluster.routing.allocation.decider] [Black Cat] high disk watermark [90%] exceeded on [4IXR8c2cR4K9T7iBxzMDQA][Black Cat][/Users/N05F3R4TU/NimbusFramework/Dashboard/ElasticSearch/data/elasticsearch/nodes/0] free: 18gb[3.8%], shards will be relocated away from this node
[2015-11-24 14:41:00,270][WARN ][cluster.routing.allocation.decider] [Black Cat] high disk watermark [90%] exceeded on [4IXR8c2cR4K9T7iBxzMDQA][Black Cat][/Users/N05F3R4TU/NimbusFramework/Dashboard/ElasticSearch/data/elasticsearch/nodes/0] free: 18gb[3.8%], shards will be relocated away from this node
[2015-11-24 14:41:00,270][INFO ][cluster.routing.allocation.decider] [Black Cat] rerouting shards: [high disk watermark exceeded on one or more nodes]
[2015-11-24 14:41:30,274][WARN ][cluster.routing.allocation.decider] [Black Cat] high disk watermark [90%] exceeded on [4IXR8c2cR4K9T7iBxzMDQA][Black Cat][/Users/N05F3R4TU/NimbusFramework/Dashboard/ElasticSearch/data/elasticsearch/nodes/0] free: 18gb[3.8%], shards will be relocated away from this node
[2015-11-24 14:42:00,274][WARN ][cluster.routing.allocation.decider] [Black Cat] high disk watermark [90%] exceeded on [4IXR8c2cR4K9T7iBxzMDQA][Black Cat][/Users/N05F3R4TU/NimbusFramework/Dashboard/ElasticSearch/data/elasticsearch/nodes/0] free: 18gb[3.8%], shards will be relocated away from this node
[2015-11-24 14:42:00,274][INFO ][cluster.routing.allocation.decider] [Black Cat] rerouting shards: [high disk watermark exceeded on one or more nodes]
[2015-11-24 14:42:30,305][WARN ][cluster.routing.allocation.decider] [Black Cat] high disk watermark [90%] exceeded on [4IXR8c2cR4K9T7iBxzMDQA][Black Cat][/Users/N05F3R4TU/NimbusFramework/Dashboard/ElasticSearch/data/elasticsearch/nodes/0] free: 18gb[3.8%], shards will be relocated away from this node
[2015-11-24 14:43:00,297][WARN ][cluster.routing.allocation.decider] [Black Cat] high disk watermark [90%] exceeded on [4IXR8c2cR4K9T7iBxzMDQA][Black Cat][/Users/N05F3R4TU/NimbusFramework/Dashboard/ElasticSearch/data/elasticsearch/nodes/0] free: 18gb[3.8%], shards will be relocated away from this node
[2015-11-24 14:43:00,297][INFO ][cluster.routing.allocation.decider] [Black Cat] rerouting shards: [high disk watermark exceeded on one or more nodes]
[2015-11-24 14:43:30,298][WARN ][cluster.routing.allocation.decider] [Black Cat] high disk watermark [90%] exceeded on [4IXR8c2cR4K9T7iBxzMDQA][Black Cat][/Users/N05F3R4TU/NimbusFramework/Dashboard/ElasticSearch/data/elasticsearch/nodes/0] free: 18gb[3.8%], shards will be relocated away from this node
[2015-11-24 14:44:00,300][WARN ][cluster.routing.allocation.decider] [Black Cat] high disk watermark [90%] exceeded on [4IXR8c2cR4K9T7iBxzMDQA][Black Cat][/Users/N05F3R4TU/NimbusFramework/Dashboard/ElasticSearch/data/elasticsearch/nodes/0] free: 18gb[3.8%], shards will be relocated away from this node
[2015-11-24 14:44:00,300][INFO ][cluster.routing.allocation.decider] [Black Cat] rerouting shards: [high disk watermark exceeded on one or more nodes]
[2015-11-24 14:44:30,314][WARN ][cluster.routing.allocation.decider] [Black Cat] high disk watermark [90%] exceeded on [4IXR8c2cR4K9T7iBxzMDQA][Black Cat][/Users/N05F3R4TU/NimbusFramework/Dashboard/ElasticSearch/data/elasticsearch/nodes/0] free: 18gb[3.8%], shards will be relocated away from this node
[2015-11-24 14:45:00,300][WARN ][cluster.routing.allocation.decider] [Black Cat] high disk watermark [90%] exceeded on [4IXR8c2cR4K9T7iBxzMDQA][Black Cat][/Users/N05F3R4TU/NimbusFramework/Dashboard/ElasticSearch/data/elasticsearch/nodes/0] free: 18gb[3.8%], shards will be relocated away from this node
[2015-11-24 14:45:00,300][INFO ][cluster.routing.allocation.decider] [Black Cat] rerouting shards: [high disk watermark exceeded on one or more nodes]
[2015-11-24 14:45:30,302][WARN ][cluster.routing.allocation.decider] [Black Cat] high disk watermark [90%] exceeded on [4IXR8c2cR4K9T7iBxzMDQA][Black Cat][/Users/N05F3R4TU/NimbusFramework/Dashboard/ElasticSearch/data/elasticsearch/nodes/0] free: 18gb[3.8%], shards will be relocated away from this node
[2015-11-24 14:46:00,305][WARN ][cluster.routing.allocation.decider] [Black Cat] high disk watermark [90%] exceeded on [4IXR8c2cR4K9T7iBxzMDQA][Black Cat][/Users/N05F3R4TU/NimbusFramework/Dashboard/ElasticSearch/data/elasticsearch/nodes/0] free: 18gb[3.8%], shards will be relocated away from this node
[2015-11-24 14:46:00,305][INFO ][cluster.routing.allocation.decider] [Black Cat] rerouting shards: [high disk watermark exceeded on one or more nodes]
[2015-11-24 14:46:30,308][WARN ][cluster.routing.allocation.decider] [Black Cat] high disk watermark [90%] exceeded on [4IXR8c2cR4K9T7iBxzMDQA][Black Cat][/Users/N05F3R4TU/NimbusFramework/Dashboard/ElasticSearch/data/elasticsearch/nodes/0] free: 18gb[3.8%], shards will be relocated away from this node
[2015-11-24 14:47:00,307][WARN ][cluster.routing.allocation.decider] [Black Cat] high disk watermark [90%] exceeded on [4IXR8c2cR4K9T7iBxzMDQA][Black Cat][/Users/N05F3R4TU/NimbusFramework/Dashboard/ElasticSearch/data/elasticsearch/nodes/0] free: 18gb[3.8%], shards will be relocated away from this node
[2015-11-24 14:47:00,307][INFO ][cluster.routing.allocation.decider] [Black Cat] rerouting shards: [high disk watermark exceeded on one or more nodes]
[2015-11-24 14:47:30,309][WARN ][cluster.routing.allocation.decider] [Black Cat] high disk watermark [90%] exceeded on [4IXR8c2cR4K9T7iBxzMDQA][Black Cat][/Users/N05F3R4TU/NimbusFramework/Dashboard/ElasticSearch/data/elasticsearch/nodes/0] free: 18gb[3.8%], shards will be relocated away from this node
[2015-11-24 14:48:00,310][WARN ][cluster.routing.allocation.decider] [Black Cat] high disk watermark [90%] exceeded on [4IXR8c2cR4K9T7iBxzMDQA][Black Cat][/Users/N05F3R4TU/NimbusFramework/Dashboard/ElasticSearch/data/elasticsearch/nodes/0] free: 18gb[3.8%], shards will be relocated away from this node
[2015-11-24 14:48:00,310][INFO ][cluster.routing.allocation.decider] [Black Cat] rerouting shards: [high disk watermark exceeded on one or more nodes]
[2015-11-24 14:48:30,313][WARN ][cluster.routing.allocation.decider] [Black Cat] high disk watermark [90%] exceeded on [4IXR8c2cR4K9T7iBxzMDQA][Black Cat][/Users/N05F3R4TU/NimbusFramework/Dashboard/ElasticSearch/data/elasticsearch/nodes/0] free: 18gb[3.8%], shards will be relocated away from this node
[2015-11-24 14:49:00,313][WARN ][cluster.routing.allocation.decider] [Black Cat] high disk watermark [90%] exceeded on [4IXR8c2cR4K9T7iBxzMDQA][Black Cat][/Users/N05F3R4TU/NimbusFramework/Dashboard/ElasticSearch/data/elasticsearch/nodes/0] free: 18gb[3.8%], shards will be relocated away from this node
[2015-11-24 14:49:00,313][INFO ][cluster.routing.allocation.decider] [Black Cat] rerouting shards: [high disk watermark exceeded on one or more nodes]
[2015-11-24 14:49:30,315][WARN ][cluster.routing.allocation.decider] [Black Cat] high disk watermark [90%] exceeded on [4IXR8c2cR4K9T7iBxzMDQA][Black Cat][/Users/N05F3R4TU/NimbusFramework/Dashboard/ElasticSearch/data/elasticsearch/nodes/0] free: 18gb[3.8%], shards will be relocated away from this node
[2015-11-24 14:50:00,315][WARN ][cluster.routing.allocation.decider] [Black Cat] high disk watermark [90%] exceeded on [4IXR8c2cR4K9T7iBxzMDQA][Black Cat][/Users/N05F3R4TU/NimbusFramework/Dashboard/ElasticSearch/data/elasticsearch/nodes/0] free: 18gb[3.8%], shards will be relocated away from this node
[2015-11-24 14:50:00,315][INFO ][cluster.routing.allocation.decider] [Black Cat] rerouting shards: [high disk watermark exceeded on one or more nodes]
[2015-11-24 14:50:30,317][WARN ][cluster.routing.allocation.decider] [Black Cat] high disk watermark [90%] exceeded on [4IXR8c2cR4K9T7iBxzMDQA][Black Cat][/Users/N05F3R4TU/NimbusFramework/Dashboard/ElasticSearch/data/elasticsearch/nodes/0] free: 18gb[3.8%], shards will be relocated away from this node
[2015-11-24 14:51:00,319][WARN ][cluster.routing.allocation.decider] [Black Cat] high disk watermark [90%] exceeded on [4IXR8c2cR4K9T7iBxzMDQA][Black Cat][/Users/N05F3R4TU/NimbusFramework/Dashboard/ElasticSearch/data/elasticsearch/nodes/0] free: 18gb[3.8%], shards will be relocated away from this node
[2015-11-24 14:51:00,319][INFO ][cluster.routing.allocation.decider] [Black Cat] rerouting shards: [high disk watermark exceeded on one or more nodes]
[2015-11-24 14:51:30,322][WARN ][cluster.routing.allocation.decider] [Black Cat] high disk watermark [90%] exceeded on [4IXR8c2cR4K9T7iBxzMDQA][Black Cat][/Users/N05F3R4TU/NimbusFramework/Dashboard/ElasticSearch/data/elasticsearch/nodes/0] free: 18gb[3.8%], shards will be relocated away from this node
[2015-11-24 14:52:00,325][WARN ][cluster.routing.allocation.decider] [Black Cat] high disk watermark [90%] exceeded on [4IXR8c2cR4K9T7iBxzMDQA][Black Cat][/Users/N05F3R4TU/NimbusFramework/Dashboard/ElasticSearch/data/elasticsearch/nodes/0] free: 18gb[3.8%], shards will be relocated away from this node
[2015-11-24 14:52:00,325][INFO ][cluster.routing.allocation.decider] [Black Cat] rerouting shards: [high disk watermark exceeded on one or more nodes]
[2015-11-24 14:52:30,325][WARN ][cluster.routing.allocation.decider] [Black Cat] high disk watermark [90%] exceeded on [4IXR8c2cR4K9T7iBxzMDQA][Black Cat][/Users/N05F3R4TU/NimbusFramework/Dashboard/ElasticSearch/data/elasticsearch/nodes/0] free: 18gb[3.8%], shards will be relocated away from this node
[2015-11-24 14:53:00,324][WARN ][cluster.routing.allocation.decider] [Black Cat] high disk watermark [90%] exceeded on [4IXR8c2cR4K9T7iBxzMDQA][Black Cat][/Users/N05F3R4TU/NimbusFramework/Dashboard/ElasticSearch/data/elasticsearch/nodes/0] free: 18gb[3.8%], shards will be relocated away from this node
[2015-11-24 14:53:00,324][INFO ][cluster.routing.allocation.decider] [Black Cat] rerouting shards: [high disk watermark exceeded on one or more nodes]
[2015-11-24 14:53:30,328][WARN ][cluster.routing.allocation.decider] [Black Cat] high disk watermark [90%] exceeded on [4IXR8c2cR4K9T7iBxzMDQA][Black Cat][/Users/N05F3R4TU/NimbusFramework/Dashboard/ElasticSearch/data/elasticsearch/nodes/0] free: 18gb[3.8%], shards will be relocated away from this node
[2015-11-24 14:54:00,339][WARN ][cluster.routing.allocation.decider] [Black Cat] high disk watermark [90%] exceeded on [4IXR8c2cR4K9T7iBxzMDQA][Black Cat][/Users/N05F3R4TU/NimbusFramework/Dashboard/ElasticSearch/data/elasticsearch/nodes/0] free: 18gb[3.8%], shards will be relocated away from this node
[2015-11-24 14:54:00,339][INFO ][cluster.routing.allocation.decider] [Black Cat] rerouting shards: [high disk watermark exceeded on one or more nodes]
[2015-11-24 14:54:30,335][WARN ][cluster.routing.allocation.decider] [Black Cat] high disk watermark [90%] exceeded on [4IXR8c2cR4K9T7iBxzMDQA][Black Cat][/Users/N05F3R4TU/NimbusFramework/Dashboard/ElasticSearch/data/elasticsearch/nodes/0] free: 18gb[3.8%], shards will be relocated away from this node
[2015-11-24 14:55:00,334][WARN ][cluster.routing.allocation.decider] [Black Cat] high disk watermark [90%] exceeded on [4IXR8c2cR4K9T7iBxzMDQA][Black Cat][/Users/N05F3R4TU/NimbusFramework/Dashboard/ElasticSearch/data/elasticsearch/nodes/0] free: 18gb[3.8%], shards will be relocated away from this node
[2015-11-24 14:55:30,335][WARN ][cluster.routing.allocation.decider] [Black Cat] high disk watermark [90%] exceeded on [4IXR8c2cR4K9T7iBxzMDQA][Black Cat][/Users/N05F3R4TU/NimbusFramework/Dashboard/ElasticSearch/data/elasticsearch/nodes/0] free: 18gb[3.8%], shards will be relocated away from this node
[2015-11-24 14:55:30,336][INFO ][cluster.routing.allocation.decider] [Black Cat] rerouting shards: [high disk watermark exceeded on one or more nodes]
[2015-11-24 14:56:00,335][WARN ][cluster.routing.allocation.decider] [Black Cat] high disk watermark [90%] exceeded on [4IXR8c2cR4K9T7iBxzMDQA][Black Cat][/Users/N05F3R4TU/NimbusFramework/Dashboard/ElasticSearch/data/elasticsearch/nodes/0] free: 18gb[3.8%], shards will be relocated away from this node
[2015-11-24 14:56:30,336][WARN ][cluster.routing.allocation.decider] [Black Cat] high disk watermark [90%] exceeded on [4IXR8c2cR4K9T7iBxzMDQA][Black Cat][/Users/N05F3R4TU/NimbusFramework/Dashboard/ElasticSearch/data/elasticsearch/nodes/0] free: 18gb[3.8%], shards will be relocated away from this node
[2015-11-24 14:56:30,336][INFO ][cluster.routing.allocation.decider] [Black Cat] rerouting shards: [high disk watermark exceeded on one or more nodes]
[2015-11-24 14:57:00,338][WARN ][cluster.routing.allocation.decider] [Black Cat] high disk watermark [90%] exceeded on [4IXR8c2cR4K9T7iBxzMDQA][Black Cat][/Users/N05F3R4TU/NimbusFramework/Dashboard/ElasticSearch/data/elasticsearch/nodes/0] free: 18gb[3.8%], shards will be relocated away from this node
[2015-11-24 14:57:30,338][WARN ][cluster.routing.allocation.decider] [Black Cat] high disk watermark [90%] exceeded on [4IXR8c2cR4K9T7iBxzMDQA][Black Cat][/Users/N05F3R4TU/NimbusFramework/Dashboard/ElasticSearch/data/elasticsearch/nodes/0] free: 18gb[3.8%], shards will be relocated away from this node
[2015-11-24 14:57:30,338][INFO ][cluster.routing.allocation.decider] [Black Cat] rerouting shards: [high disk watermark exceeded on one or more nodes]
[2015-11-24 14:58:00,338][WARN ][cluster.routing.allocation.decider] [Black Cat] high disk watermark [90%] exceeded on [4IXR8c2cR4K9T7iBxzMDQA][Black Cat][/Users/N05F3R4TU/NimbusFramework/Dashboard/ElasticSearch/data/elasticsearch/nodes/0] free: 18gb[3.8%], shards will be relocated away from this node
[2015-11-24 14:58:30,340][WARN ][cluster.routing.allocation.decider] [Black Cat] high disk watermark [90%] exceeded on [4IXR8c2cR4K9T7iBxzMDQA][Black Cat][/Users/N05F3R4TU/NimbusFramework/Dashboard/ElasticSearch/data/elasticsearch/nodes/0] free: 18gb[3.8%], shards will be relocated away from this node
[2015-11-24 14:58:30,340][INFO ][cluster.routing.allocation.decider] [Black Cat] rerouting shards: [high disk watermark exceeded on one or more nodes]
[2015-11-24 14:59:00,342][WARN ][cluster.routing.allocation.decider] [Black Cat] high disk watermark [90%] exceeded on [4IXR8c2cR4K9T7iBxzMDQA][Black Cat][/Users/N05F3R4TU/NimbusFramework/Dashboard/ElasticSearch/data/elasticsearch/nodes/0] free: 18gb[3.8%], shards will be relocated away from this node
[2015-11-24 14:59:30,344][WARN ][cluster.routing.allocation.decider] [Black Cat] high disk watermark [90%] exceeded on [4IXR8c2cR4K9T7iBxzMDQA][Black Cat][/Users/N05F3R4TU/NimbusFramework/Dashboard/ElasticSearch/data/elasticsearch/nodes/0] free: 18gb[3.8%], shards will be relocated away from this node
[2015-11-24 14:59:30,344][INFO ][cluster.routing.allocation.decider] [Black Cat] rerouting shards: [high disk watermark exceeded on one or more nodes]
[2015-11-24 15:00:00,342][WARN ][cluster.routing.allocation.decider] [Black Cat] high disk watermark [90%] exceeded on [4IXR8c2cR4K9T7iBxzMDQA][Black Cat][/Users/N05F3R4TU/NimbusFramework/Dashboard/ElasticSearch/data/elasticsearch/nodes/0] free: 18gb[3.8%], shards will be relocated away from this node
[2015-11-24 15:00:30,344][WARN ][cluster.routing.allocation.decider] [Black Cat] high disk watermark [90%] exceeded on [4IXR8c2cR4K9T7iBxzMDQA][Black Cat][/Users/N05F3R4TU/NimbusFramework/Dashboard/ElasticSearch/data/elasticsearch/nodes/0] free: 18gb[3.8%], shards will be relocated away from this node
[2015-11-24 15:00:30,344][INFO ][cluster.routing.allocation.decider] [Black Cat] rerouting shards: [high disk watermark exceeded on one or more nodes]
[2015-11-24 15:01:00,344][WARN ][cluster.routing.allocation.decider] [Black Cat] high disk watermark [90%] exceeded on [4IXR8c2cR4K9T7iBxzMDQA][Black Cat][/Users/N05F3R4TU/NimbusFramework/Dashboard/ElasticSearch/data/elasticsearch/nodes/0] free: 18gb[3.8%], shards will be relocated away from this node
[2015-11-24 15:01:30,343][WARN ][cluster.routing.allocation.decider] [Black Cat] high disk watermark [90%] exceeded on [4IXR8c2cR4K9T7iBxzMDQA][Black Cat][/Users/N05F3R4TU/NimbusFramework/Dashboard/ElasticSearch/data/elasticsearch/nodes/0] free: 18gb[3.8%], shards will be relocated away from this node
[2015-11-24 15:01:30,343][INFO ][cluster.routing.allocation.decider] [Black Cat] rerouting shards: [high disk watermark exceeded on one or more nodes]
[2015-11-24 15:02:00,341][WARN ][cluster.routing.allocation.decider] [Black Cat] high disk watermark [90%] exceeded on [4IXR8c2cR4K9T7iBxzMDQA][Black Cat][/Users/N05F3R4TU/NimbusFramework/Dashboard/ElasticSearch/data/elasticsearch/nodes/0] free: 18gb[3.8%], shards will be relocated away from this node
[2015-11-24 15:02:30,342][WARN ][cluster.routing.allocation.decider] [Black Cat] high disk watermark [90%] exceeded on [4IXR8c2cR4K9T7iBxzMDQA][Black Cat][/Users/N05F3R4TU/NimbusFramework/Dashboard/ElasticSearch/data/elasticsearch/nodes/0] free: 18gb[3.8%], shards will be relocated away from this node
[2015-11-24 15:02:30,342][INFO ][cluster.routing.allocation.decider] [Black Cat] rerouting shards: [high disk watermark exceeded on one or more nodes]
[2015-11-24 15:03:00,346][WARN ][cluster.routing.allocation.decider] [Black Cat] high disk watermark [90%] exceeded on [4IXR8c2cR4K9T7iBxzMDQA][Black Cat][/Users/N05F3R4TU/NimbusFramework/Dashboard/ElasticSearch/data/elasticsearch/nodes/0] free: 18gb[3.8%], shards will be relocated away from this node
[2015-11-24 15:03:30,350][WARN ][cluster.routing.allocation.decider] [Black Cat] high disk watermark [90%] exceeded on [4IXR8c2cR4K9T7iBxzMDQA][Black Cat][/Users/N05F3R4TU/NimbusFramework/Dashboard/ElasticSearch/data/elasticsearch/nodes/0] free: 18gb[3.8%], shards will be relocated away from this node
[2015-11-24 15:03:30,350][INFO ][cluster.routing.allocation.decider] [Black Cat] rerouting shards: [high disk watermark exceeded on one or more nodes]
[2015-11-24 15:04:00,353][WARN ][cluster.routing.allocation.decider] [Black Cat] high disk watermark [90%] exceeded on [4IXR8c2cR4K9T7iBxzMDQA][Black Cat][/Users/N05F3R4TU/NimbusFramework/Dashboard/ElasticSearch/data/elasticsearch/nodes/0] free: 18gb[3.8%], shards will be relocated away from this node
[2015-11-24 15:04:30,359][WARN ][cluster.routing.allocation.decider] [Black Cat] high disk watermark [90%] exceeded on [4IXR8c2cR4K9T7iBxzMDQA][Black Cat][/Users/N05F3R4TU/NimbusFramework/Dashboard/ElasticSearch/data/elasticsearch/nodes/0] free: 18gb[3.8%], shards will be relocated away from this node
[2015-11-24 15:04:30,360][INFO ][cluster.routing.allocation.decider] [Black Cat] rerouting shards: [high disk watermark exceeded on one or more nodes]
[2015-11-24 15:05:00,358][WARN ][cluster.routing.allocation.decider] [Black Cat] high disk watermark [90%] exceeded on [4IXR8c2cR4K9T7iBxzMDQA][Black Cat][/Users/N05F3R4TU/NimbusFramework/Dashboard/ElasticSearch/data/elasticsearch/nodes/0] free: 18gb[3.8%], shards will be relocated away from this node
[2015-11-24 15:05:30,367][WARN ][cluster.routing.allocation.decider] [Black Cat] high disk watermark [90%] exceeded on [4IXR8c2cR4K9T7iBxzMDQA][Black Cat][/Users/N05F3R4TU/NimbusFramework/Dashboard/ElasticSearch/data/elasticsearch/nodes/0] free: 18gb[3.8%], shards will be relocated away from this node
[2015-11-24 15:05:30,367][INFO ][cluster.routing.allocation.decider] [Black Cat] rerouting shards: [high disk watermark exceeded on one or more nodes]
[2015-11-24 15:06:00,368][WARN ][cluster.routing.allocation.decider] [Black Cat] high disk watermark [90%] exceeded on [4IXR8c2cR4K9T7iBxzMDQA][Black Cat][/Users/N05F3R4TU/NimbusFramework/Dashboard/ElasticSearch/data/elasticsearch/nodes/0] free: 18gb[3.8%], shards will be relocated away from this node
[2015-11-24 15:06:30,375][WARN ][cluster.routing.allocation.decider] [Black Cat] high disk watermark [90%] exceeded on [4IXR8c2cR4K9T7iBxzMDQA][Black Cat][/Users/N05F3R4TU/NimbusFramework/Dashboard/ElasticSearch/data/elasticsearch/nodes/0] free: 18gb[3.8%], shards will be relocated away from this node
[2015-11-24 15:06:30,375][INFO ][cluster.routing.allocation.decider] [Black Cat] rerouting shards: [high disk watermark exceeded on one or more nodes]
[2015-11-24 15:07:00,379][WARN ][cluster.routing.allocation.decider] [Black Cat] high disk watermark [90%] exceeded on [4IXR8c2cR4K9T7iBxzMDQA][Black Cat][/Users/N05F3R4TU/NimbusFramework/Dashboard/ElasticSearch/data/elasticsearch/nodes/0] free: 18gb[3.8%], shards will be relocated away from this node
[2015-11-24 15:07:30,380][WARN ][cluster.routing.allocation.decider] [Black Cat] high disk watermark [90%] exceeded on [4IXR8c2cR4K9T7iBxzMDQA][Black Cat][/Users/N05F3R4TU/NimbusFramework/Dashboard/ElasticSearch/data/elasticsearch/nodes/0] free: 18gb[3.8%], shards will be relocated away from this node
[2015-11-24 15:07:30,380][INFO ][cluster.routing.allocation.decider] [Black Cat] rerouting shards: [high disk watermark exceeded on one or more nodes]
[2015-11-24 15:08:00,388][WARN ][cluster.routing.allocation.decider] [Black Cat] high disk watermark [90%] exceeded on [4IXR8c2cR4K9T7iBxzMDQA][Black Cat][/Users/N05F3R4TU/NimbusFramework/Dashboard/ElasticSearch/data/elasticsearch/nodes/0] free: 18gb[3.8%], shards will be relocated away from this node
[2015-11-24 15:08:30,395][WARN ][cluster.routing.allocation.decider] [Black Cat] high disk watermark [90%] exceeded on [4IXR8c2cR4K9T7iBxzMDQA][Black Cat][/Users/N05F3R4TU/NimbusFramework/Dashboard/ElasticSearch/data/elasticsearch/nodes/0] free: 18gb[3.8%], shards will be relocated away from this node
[2015-11-24 15:08:30,396][INFO ][cluster.routing.allocation.decider] [Black Cat] rerouting shards: [high disk watermark exceeded on one or more nodes]
[2015-11-24 15:09:00,393][WARN ][cluster.routing.allocation.decider] [Black Cat] high disk watermark [90%] exceeded on [4IXR8c2cR4K9T7iBxzMDQA][Black Cat][/Users/N05F3R4TU/NimbusFramework/Dashboard/ElasticSearch/data/elasticsearch/nodes/0] free: 18gb[3.8%], shards will be relocated away from this node
[2015-11-24 15:09:30,396][WARN ][cluster.routing.allocation.decider] [Black Cat] high disk watermark [90%] exceeded on [4IXR8c2cR4K9T7iBxzMDQA][Black Cat][/Users/N05F3R4TU/NimbusFramework/Dashboard/ElasticSearch/data/elasticsearch/nodes/0] free: 18gb[3.8%], shards will be relocated away from this node
[2015-11-24 15:09:30,396][INFO ][cluster.routing.allocation.decider] [Black Cat] rerouting shards: [high disk watermark exceeded on one or more nodes]
[2015-11-24 15:10:00,396][WARN ][cluster.routing.allocation.decider] [Black Cat] high disk watermark [90%] exceeded on [4IXR8c2cR4K9T7iBxzMDQA][Black Cat][/Users/N05F3R4TU/NimbusFramework/Dashboard/ElasticSearch/data/elasticsearch/nodes/0] free: 18gb[3.8%], shards will be relocated away from this node
[2015-11-24 15:10:30,397][WARN ][cluster.routing.allocation.decider] [Black Cat] high disk watermark [90%] exceeded on [4IXR8c2cR4K9T7iBxzMDQA][Black Cat][/Users/N05F3R4TU/NimbusFramework/Dashboard/ElasticSearch/data/elasticsearch/nodes/0] free: 18gb[3.8%], shards will be relocated away from this node
[2015-11-24 15:10:30,397][INFO ][cluster.routing.allocation.decider] [Black Cat] rerouting shards: [high disk watermark exceeded on one or more nodes]
[2015-11-24 15:11:00,399][WARN ][cluster.routing.allocation.decider] [Black Cat] high disk watermark [90%] exceeded on [4IXR8c2cR4K9T7iBxzMDQA][Black Cat][/Users/N05F3R4TU/NimbusFramework/Dashboard/ElasticSearch/data/elasticsearch/nodes/0] free: 18gb[3.8%], shards will be relocated away from this node
[2015-11-24 15:11:30,402][WARN ][cluster.routing.allocation.decider] [Black Cat] high disk watermark [90%] exceeded on [4IXR8c2cR4K9T7iBxzMDQA][Black Cat][/Users/N05F3R4TU/NimbusFramework/Dashboard/ElasticSearch/data/elasticsearch/nodes/0] free: 18gb[3.8%], shards will be relocated away from this node
[2015-11-24 15:11:30,402][INFO ][cluster.routing.allocation.decider] [Black Cat] rerouting shards: [high disk watermark exceeded on one or more nodes]
[2015-11-24 15:12:00,400][WARN ][cluster.routing.allocation.decider] [Black Cat] high disk watermark [90%] exceeded on [4IXR8c2cR4K9T7iBxzMDQA][Black Cat][/Users/N05F3R4TU/NimbusFramework/Dashboard/ElasticSearch/data/elasticsearch/nodes/0] free: 18gb[3.8%], shards will be relocated away from this node
[2015-11-24 15:12:30,400][WARN ][cluster.routing.allocation.decider] [Black Cat] high disk watermark [90%] exceeded on [4IXR8c2cR4K9T7iBxzMDQA][Black Cat][/Users/N05F3R4TU/NimbusFramework/Dashboard/ElasticSearch/data/elasticsearch/nodes/0] free: 18gb[3.8%], shards will be relocated away from this node
[2015-11-24 15:12:30,400][INFO ][cluster.routing.allocation.decider] [Black Cat] rerouting shards: [high disk watermark exceeded on one or more nodes]
[2015-11-24 15:13:00,402][WARN ][cluster.routing.allocation.decider] [Black Cat] high disk watermark [90%] exceeded on [4IXR8c2cR4K9T7iBxzMDQA][Black Cat][/Users/N05F3R4TU/NimbusFramework/Dashboard/ElasticSearch/data/elasticsearch/nodes/0] free: 18gb[3.8%], shards will be relocated away from this node
[2015-11-24 15:13:30,403][WARN ][cluster.routing.allocation.decider] [Black Cat] high disk watermark [90%] exceeded on [4IXR8c2cR4K9T7iBxzMDQA][Black Cat][/Users/N05F3R4TU/NimbusFramework/Dashboard/ElasticSearch/data/elasticsearch/nodes/0] free: 18gb[3.8%], shards will be relocated away from this node
[2015-11-24 15:13:30,403][INFO ][cluster.routing.allocation.decider] [Black Cat] rerouting shards: [high disk watermark exceeded on one or more nodes]
[2015-11-24 15:14:00,405][WARN ][cluster.routing.allocation.decider] [Black Cat] high disk watermark [90%] exceeded on [4IXR8c2cR4K9T7iBxzMDQA][Black Cat][/Users/N05F3R4TU/NimbusFramework/Dashboard/ElasticSearch/data/elasticsearch/nodes/0] free: 18gb[3.8%], shards will be relocated away from this node
[2015-11-24 15:14:30,404][WARN ][cluster.routing.allocation.decider] [Black Cat] high disk watermark [90%] exceeded on [4IXR8c2cR4K9T7iBxzMDQA][Black Cat][/Users/N05F3R4TU/NimbusFramework/Dashboard/ElasticSearch/data/elasticsearch/nodes/0] free: 18gb[3.8%], shards will be relocated away from this node
[2015-11-24 15:14:30,405][INFO ][cluster.routing.allocation.decider] [Black Cat] rerouting shards: [high disk watermark exceeded on one or more nodes]
[2015-11-24 15:15:00,409][WARN ][cluster.routing.allocation.decider] [Black Cat] high disk watermark [90%] exceeded on [4IXR8c2cR4K9T7iBxzMDQA][Black Cat][/Users/N05F3R4TU/NimbusFramework/Dashboard/ElasticSearch/data/elasticsearch/nodes/0] free: 18gb[3.8%], shards will be relocated away from this node
[2015-11-24 15:15:30,416][WARN ][cluster.routing.allocation.decider] [Black Cat] high disk watermark [90%] exceeded on [4IXR8c2cR4K9T7iBxzMDQA][Black Cat][/Users/N05F3R4TU/NimbusFramework/Dashboard/ElasticSearch/data/elasticsearch/nodes/0] free: 18gb[3.8%], shards will be relocated away from this node
[2015-11-24 15:15:30,416][INFO ][cluster.routing.allocation.decider] [Black Cat] rerouting shards: [high disk watermark exceeded on one or more nodes]
[2015-11-24 15:16:00,413][WARN ][cluster.routing.allocation.decider] [Black Cat] high disk watermark [90%] exceeded on [4IXR8c2cR4K9T7iBxzMDQA][Black Cat][/Users/N05F3R4TU/NimbusFramework/Dashboard/ElasticSearch/data/elasticsearch/nodes/0] free: 18gb[3.8%], shards will be relocated away from this node
[2015-11-24 15:16:30,413][WARN ][cluster.routing.allocation.decider] [Black Cat] high disk watermark [90%] exceeded on [4IXR8c2cR4K9T7iBxzMDQA][Black Cat][/Users/N05F3R4TU/NimbusFramework/Dashboard/ElasticSearch/data/elasticsearch/nodes/0] free: 18gb[3.8%], shards will be relocated away from this node
[2015-11-24 15:16:30,413][INFO ][cluster.routing.allocation.decider] [Black Cat] rerouting shards: [high disk watermark exceeded on one or more nodes]
[2015-11-24 15:17:00,415][WARN ][cluster.routing.allocation.decider] [Black Cat] high disk watermark [90%] exceeded on [4IXR8c2cR4K9T7iBxzMDQA][Black Cat][/Users/N05F3R4TU/NimbusFramework/Dashboard/ElasticSearch/data/elasticsearch/nodes/0] free: 18gb[3.8%], shards will be relocated away from this node
[2015-11-24 15:17:30,416][WARN ][cluster.routing.allocation.decider] [Black Cat] high disk watermark [90%] exceeded on [4IXR8c2cR4K9T7iBxzMDQA][Black Cat][/Users/N05F3R4TU/NimbusFramework/Dashboard/ElasticSearch/data/elasticsearch/nodes/0] free: 18gb[3.8%], shards will be relocated away from this node
[2015-11-24 15:17:30,417][INFO ][cluster.routing.allocation.decider] [Black Cat] rerouting shards: [high disk watermark exceeded on one or more nodes]
[2015-11-24 15:18:00,416][WARN ][cluster.routing.allocation.decider] [Black Cat] high disk watermark [90%] exceeded on [4IXR8c2cR4K9T7iBxzMDQA][Black Cat][/Users/N05F3R4TU/NimbusFramework/Dashboard/ElasticSearch/data/elasticsearch/nodes/0] free: 18gb[3.8%], shards will be relocated away from this node
[2015-11-24 15:18:30,419][WARN ][cluster.routing.allocation.decider] [Black Cat] high disk watermark [90%] exceeded on [4IXR8c2cR4K9T7iBxzMDQA][Black Cat][/Users/N05F3R4TU/NimbusFramework/Dashboard/ElasticSearch/data/elasticsearch/nodes/0] free: 18gb[3.8%], shards will be relocated away from this node
[2015-11-24 15:18:30,419][INFO ][cluster.routing.allocation.decider] [Black Cat] rerouting shards: [high disk watermark exceeded on one or more nodes]
[2015-11-24 15:19:00,421][WARN ][cluster.routing.allocation.decider] [Black Cat] high disk watermark [90%] exceeded on [4IXR8c2cR4K9T7iBxzMDQA][Black Cat][/Users/N05F3R4TU/NimbusFramework/Dashboard/ElasticSearch/data/elasticsearch/nodes/0] free: 18gb[3.8%], shards will be relocated away from this node
[2015-11-24 15:19:30,423][WARN ][cluster.routing.allocation.decider] [Black Cat] high disk watermark [90%] exceeded on [4IXR8c2cR4K9T7iBxzMDQA][Black Cat][/Users/N05F3R4TU/NimbusFramework/Dashboard/ElasticSearch/data/elasticsearch/nodes/0] free: 18gb[3.8%], shards will be relocated away from this node
[2015-11-24 15:19:30,423][INFO ][cluster.routing.allocation.decider] [Black Cat] rerouting shards: [high disk watermark exceeded on one or more nodes]
[2015-11-24 15:20:00,425][WARN ][cluster.routing.allocation.decider] [Black Cat] high disk watermark [90%] exceeded on [4IXR8c2cR4K9T7iBxzMDQA][Black Cat][/Users/N05F3R4TU/NimbusFramework/Dashboard/ElasticSearch/data/elasticsearch/nodes/0] free: 18gb[3.8%], shards will be relocated away from this node
[2015-11-24 15:20:30,427][WARN ][cluster.routing.allocation.decider] [Black Cat] high disk watermark [90%] exceeded on [4IXR8c2cR4K9T7iBxzMDQA][Black Cat][/Users/N05F3R4TU/NimbusFramework/Dashboard/ElasticSearch/data/elasticsearch/nodes/0] free: 18gb[3.8%], shards will be relocated away from this node
[2015-11-24 15:20:30,427][INFO ][cluster.routing.allocation.decider] [Black Cat] rerouting shards: [high disk watermark exceeded on one or more nodes]
[2015-11-24 15:21:00,426][WARN ][cluster.routing.allocation.decider] [Black Cat] high disk watermark [90%] exceeded on [4IXR8c2cR4K9T7iBxzMDQA][Black Cat][/Users/N05F3R4TU/NimbusFramework/Dashboard/ElasticSearch/data/elasticsearch/nodes/0] free: 18gb[3.8%], shards will be relocated away from this node
[2015-11-24 15:21:30,428][WARN ][cluster.routing.allocation.decider] [Black Cat] high disk watermark [90%] exceeded on [4IXR8c2cR4K9T7iBxzMDQA][Black Cat][/Users/N05F3R4TU/NimbusFramework/Dashboard/ElasticSearch/data/elasticsearch/nodes/0] free: 18gb[3.8%], shards will be relocated away from this node
[2015-11-24 15:21:30,428][INFO ][cluster.routing.allocation.decider] [Black Cat] rerouting shards: [high disk watermark exceeded on one or more nodes]
[2015-11-24 15:22:00,430][WARN ][cluster.routing.allocation.decider] [Black Cat] high disk watermark [90%] exceeded on [4IXR8c2cR4K9T7iBxzMDQA][Black Cat][/Users/N05F3R4TU/NimbusFramework/Dashboard/ElasticSearch/data/elasticsearch/nodes/0] free: 18gb[3.8%], shards will be relocated away from this node
[2015-11-24 15:22:30,429][WARN ][cluster.routing.allocation.decider] [Black Cat] high disk watermark [90%] exceeded on [4IXR8c2cR4K9T7iBxzMDQA][Black Cat][/Users/N05F3R4TU/NimbusFramework/Dashboard/ElasticSearch/data/elasticsearch/nodes/0] free: 18gb[3.8%], shards will be relocated away from this node
[2015-11-24 15:22:30,429][INFO ][cluster.routing.allocation.decider] [Black Cat] rerouting shards: [high disk watermark exceeded on one or more nodes]
[2015-11-24 15:23:00,427][WARN ][cluster.routing.allocation.decider] [Black Cat] high disk watermark [90%] exceeded on [4IXR8c2cR4K9T7iBxzMDQA][Black Cat][/Users/N05F3R4TU/NimbusFramework/Dashboard/ElasticSearch/data/elasticsearch/nodes/0] free: 18gb[3.8%], shards will be relocated away from this node
[2015-11-24 15:23:30,426][WARN ][cluster.routing.allocation.decider] [Black Cat] high disk watermark [90%] exceeded on [4IXR8c2cR4K9T7iBxzMDQA][Black Cat][/Users/N05F3R4TU/NimbusFramework/Dashboard/ElasticSearch/data/elasticsearch/nodes/0] free: 18gb[3.8%], shards will be relocated away from this node
[2015-11-24 15:23:30,426][INFO ][cluster.routing.allocation.decider] [Black Cat] rerouting shards: [high disk watermark exceeded on one or more nodes]
[2015-11-24 15:24:00,429][WARN ][cluster.routing.allocation.decider] [Black Cat] high disk watermark [90%] exceeded on [4IXR8c2cR4K9T7iBxzMDQA][Black Cat][/Users/N05F3R4TU/NimbusFramework/Dashboard/ElasticSearch/data/elasticsearch/nodes/0] free: 18gb[3.8%], shards will be relocated away from this node
[2015-11-24 15:24:30,430][WARN ][cluster.routing.allocation.decider] [Black Cat] high disk watermark [90%] exceeded on [4IXR8c2cR4K9T7iBxzMDQA][Black Cat][/Users/N05F3R4TU/NimbusFramework/Dashboard/ElasticSearch/data/elasticsearch/nodes/0] free: 18gb[3.8%], shards will be relocated away from this node
[2015-11-24 15:24:30,430][INFO ][cluster.routing.allocation.decider] [Black Cat] rerouting shards: [high disk watermark exceeded on one or more nodes]
[2015-11-24 15:25:00,433][WARN ][cluster.routing.allocation.decider] [Black Cat] high disk watermark [90%] exceeded on [4IXR8c2cR4K9T7iBxzMDQA][Black Cat][/Users/N05F3R4TU/NimbusFramework/Dashboard/ElasticSearch/data/elasticsearch/nodes/0] free: 18gb[3.8%], shards will be relocated away from this node
[2015-11-24 15:25:30,432][WARN ][cluster.routing.allocation.decider] [Black Cat] high disk watermark [90%] exceeded on [4IXR8c2cR4K9T7iBxzMDQA][Black Cat][/Users/N05F3R4TU/NimbusFramework/Dashboard/ElasticSearch/data/elasticsearch/nodes/0] free: 18gb[3.8%], shards will be relocated away from this node
[2015-11-24 15:25:30,432][INFO ][cluster.routing.allocation.decider] [Black Cat] rerouting shards: [high disk watermark exceeded on one or more nodes]
[2015-11-24 15:26:00,431][WARN ][cluster.routing.allocation.decider] [Black Cat] high disk watermark [90%] exceeded on [4IXR8c2cR4K9T7iBxzMDQA][Black Cat][/Users/N05F3R4TU/NimbusFramework/Dashboard/ElasticSearch/data/elasticsearch/nodes/0] free: 18gb[3.8%], shards will be relocated away from this node
[2015-11-24 15:26:30,432][WARN ][cluster.routing.allocation.decider] [Black Cat] high disk watermark [90%] exceeded on [4IXR8c2cR4K9T7iBxzMDQA][Black Cat][/Users/N05F3R4TU/NimbusFramework/Dashboard/ElasticSearch/data/elasticsearch/nodes/0] free: 18gb[3.8%], shards will be relocated away from this node
[2015-11-24 15:26:30,432][INFO ][cluster.routing.allocation.decider] [Black Cat] rerouting shards: [high disk watermark exceeded on one or more nodes]
[2015-11-24 15:27:00,434][WARN ][cluster.routing.allocation.decider] [Black Cat] high disk watermark [90%] exceeded on [4IXR8c2cR4K9T7iBxzMDQA][Black Cat][/Users/N05F3R4TU/NimbusFramework/Dashboard/ElasticSearch/data/elasticsearch/nodes/0] free: 18gb[3.8%], shards will be relocated away from this node
[2015-11-24 15:27:30,436][WARN ][cluster.routing.allocation.decider] [Black Cat] high disk watermark [90%] exceeded on [4IXR8c2cR4K9T7iBxzMDQA][Black Cat][/Users/N05F3R4TU/NimbusFramework/Dashboard/ElasticSearch/data/elasticsearch/nodes/0] free: 18gb[3.8%], shards will be relocated away from this node
[2015-11-24 15:27:30,436][INFO ][cluster.routing.allocation.decider] [Black Cat] rerouting shards: [high disk watermark exceeded on one or more nodes]
[2015-11-24 15:28:00,437][WARN ][cluster.routing.allocation.decider] [Black Cat] high disk watermark [90%] exceeded on [4IXR8c2cR4K9T7iBxzMDQA][Black Cat][/Users/N05F3R4TU/NimbusFramework/Dashboard/ElasticSearch/data/elasticsearch/nodes/0] free: 18gb[3.8%], shards will be relocated away from this node
[2015-11-24 15:28:30,437][WARN ][cluster.routing.allocation.decider] [Black Cat] high disk watermark [90%] exceeded on [4IXR8c2cR4K9T7iBxzMDQA][Black Cat][/Users/N05F3R4TU/NimbusFramework/Dashboard/ElasticSearch/data/elasticsearch/nodes/0] free: 18gb[3.8%], shards will be relocated away from this node
[2015-11-24 15:28:30,437][INFO ][cluster.routing.allocation.decider] [Black Cat] rerouting shards: [high disk watermark exceeded on one or more nodes]
[2015-11-24 15:29:00,437][WARN ][cluster.routing.allocation.decider] [Black Cat] high disk watermark [90%] exceeded on [4IXR8c2cR4K9T7iBxzMDQA][Black Cat][/Users/N05F3R4TU/NimbusFramework/Dashboard/ElasticSearch/data/elasticsearch/nodes/0] free: 18gb[3.8%], shards will be relocated away from this node
[2015-11-24 15:29:30,440][WARN ][cluster.routing.allocation.decider] [Black Cat] high disk watermark [90%] exceeded on [4IXR8c2cR4K9T7iBxzMDQA][Black Cat][/Users/N05F3R4TU/NimbusFramework/Dashboard/ElasticSearch/data/elasticsearch/nodes/0] free: 18gb[3.8%], shards will be relocated away from this node
[2015-11-24 15:29:30,440][INFO ][cluster.routing.allocation.decider] [Black Cat] rerouting shards: [high disk watermark exceeded on one or more nodes]
[2015-11-24 15:30:00,444][WARN ][cluster.routing.allocation.decider] [Black Cat] high disk watermark [90%] exceeded on [4IXR8c2cR4K9T7iBxzMDQA][Black Cat][/Users/N05F3R4TU/NimbusFramework/Dashboard/ElasticSearch/data/elasticsearch/nodes/0] free: 18gb[3.8%], shards will be relocated away from this node
[2015-11-24 15:30:30,444][WARN ][cluster.routing.allocation.decider] [Black Cat] high disk watermark [90%] exceeded on [4IXR8c2cR4K9T7iBxzMDQA][Black Cat][/Users/N05F3R4TU/NimbusFramework/Dashboard/ElasticSearch/data/elasticsearch/nodes/0] free: 18gb[3.8%], shards will be relocated away from this node
[2015-11-24 15:30:30,445][INFO ][cluster.routing.allocation.decider] [Black Cat] rerouting shards: [high disk watermark exceeded on one or more nodes]
[2015-11-24 15:31:00,447][WARN ][cluster.routing.allocation.decider] [Black Cat] high disk watermark [90%] exceeded on [4IXR8c2cR4K9T7iBxzMDQA][Black Cat][/Users/N05F3R4TU/NimbusFramework/Dashboard/ElasticSearch/data/elasticsearch/nodes/0] free: 18gb[3.8%], shards will be relocated away from this node
[2015-11-24 15:31:30,446][WARN ][cluster.routing.allocation.decider] [Black Cat] high disk watermark [90%] exceeded on [4IXR8c2cR4K9T7iBxzMDQA][Black Cat][/Users/N05F3R4TU/NimbusFramework/Dashboard/ElasticSearch/data/elasticsearch/nodes/0] free: 18gb[3.8%], shards will be relocated away from this node
[2015-11-24 15:31:30,447][INFO ][cluster.routing.allocation.decider] [Black Cat] rerouting shards: [high disk watermark exceeded on one or more nodes]
[2015-11-24 15:32:00,446][WARN ][cluster.routing.allocation.decider] [Black Cat] high disk watermark [90%] exceeded on [4IXR8c2cR4K9T7iBxzMDQA][Black Cat][/Users/N05F3R4TU/NimbusFramework/Dashboard/ElasticSearch/data/elasticsearch/nodes/0] free: 18gb[3.8%], shards will be relocated away from this node
[2015-11-24 15:32:30,447][WARN ][cluster.routing.allocation.decider] [Black Cat] high disk watermark [90%] exceeded on [4IXR8c2cR4K9T7iBxzMDQA][Black Cat][/Users/N05F3R4TU/NimbusFramework/Dashboard/ElasticSearch/data/elasticsearch/nodes/0] free: 18gb[3.8%], shards will be relocated away from this node
[2015-11-24 15:32:30,447][INFO ][cluster.routing.allocation.decider] [Black Cat] rerouting shards: [high disk watermark exceeded on one or more nodes]
[2015-11-24 15:33:00,450][WARN ][cluster.routing.allocation.decider] [Black Cat] high disk watermark [90%] exceeded on [4IXR8c2cR4K9T7iBxzMDQA][Black Cat][/Users/N05F3R4TU/NimbusFramework/Dashboard/ElasticSearch/data/elasticsearch/nodes/0] free: 18gb[3.8%], shards will be relocated away from this node
[2015-11-24 15:33:30,453][WARN ][cluster.routing.allocation.decider] [Black Cat] high disk watermark [90%] exceeded on [4IXR8c2cR4K9T7iBxzMDQA][Black Cat][/Users/N05F3R4TU/NimbusFramework/Dashboard/ElasticSearch/data/elasticsearch/nodes/0] free: 18gb[3.8%], shards will be relocated away from this node
[2015-11-24 15:33:30,453][INFO ][cluster.routing.allocation.decider] [Black Cat] rerouting shards: [high disk watermark exceeded on one or more nodes]
[2015-11-24 15:34:00,452][WARN ][cluster.routing.allocation.decider] [Black Cat] high disk watermark [90%] exceeded on [4IXR8c2cR4K9T7iBxzMDQA][Black Cat][/Users/N05F3R4TU/NimbusFramework/Dashboard/ElasticSearch/data/elasticsearch/nodes/0] free: 18gb[3.8%], shards will be relocated away from this node
[2015-11-24 15:34:30,455][WARN ][cluster.routing.allocation.decider] [Black Cat] high disk watermark [90%] exceeded on [4IXR8c2cR4K9T7iBxzMDQA][Black Cat][/Users/N05F3R4TU/NimbusFramework/Dashboard/ElasticSearch/data/elasticsearch/nodes/0] free: 18gb[3.8%], shards will be relocated away from this node
[2015-11-24 15:34:30,455][INFO ][cluster.routing.allocation.decider] [Black Cat] rerouting shards: [high disk watermark exceeded on one or more nodes]
[2015-11-24 15:35:00,457][WARN ][cluster.routing.allocation.decider] [Black Cat] high disk watermark [90%] exceeded on [4IXR8c2cR4K9T7iBxzMDQA][Black Cat][/Users/N05F3R4TU/NimbusFramework/Dashboard/ElasticSearch/data/elasticsearch/nodes/0] free: 18gb[3.8%], shards will be relocated away from this node
[2015-11-24 15:35:30,459][WARN ][cluster.routing.allocation.decider] [Black Cat] high disk watermark [90%] exceeded on [4IXR8c2cR4K9T7iBxzMDQA][Black Cat][/Users/N05F3R4TU/NimbusFramework/Dashboard/ElasticSearch/data/elasticsearch/nodes/0] free: 18gb[3.8%], shards will be relocated away from this node
[2015-11-24 15:35:30,459][INFO ][cluster.routing.allocation.decider] [Black Cat] rerouting shards: [high disk watermark exceeded on one or more nodes]
[2015-11-24 15:36:00,461][WARN ][cluster.routing.allocation.decider] [Black Cat] high disk watermark [90%] exceeded on [4IXR8c2cR4K9T7iBxzMDQA][Black Cat][/Users/N05F3R4TU/NimbusFramework/Dashboard/ElasticSearch/data/elasticsearch/nodes/0] free: 18gb[3.8%], shards will be relocated away from this node
[2015-11-24 15:36:30,464][WARN ][cluster.routing.allocation.decider] [Black Cat] high disk watermark [90%] exceeded on [4IXR8c2cR4K9T7iBxzMDQA][Black Cat][/Users/N05F3R4TU/NimbusFramework/Dashboard/ElasticSearch/data/elasticsearch/nodes/0] free: 18gb[3.8%], shards will be relocated away from this node
[2015-11-24 15:36:30,464][INFO ][cluster.routing.allocation.decider] [Black Cat] rerouting shards: [high disk watermark exceeded on one or more nodes]
[2015-11-24 15:37:00,466][WARN ][cluster.routing.allocation.decider] [Black Cat] high disk watermark [90%] exceeded on [4IXR8c2cR4K9T7iBxzMDQA][Black Cat][/Users/N05F3R4TU/NimbusFramework/Dashboard/ElasticSearch/data/elasticsearch/nodes/0] free: 18gb[3.8%], shards will be relocated away from this node
[2015-11-24 15:37:30,474][WARN ][cluster.routing.allocation.decider] [Black Cat] high disk watermark [90%] exceeded on [4IXR8c2cR4K9T7iBxzMDQA][Black Cat][/Users/N05F3R4TU/NimbusFramework/Dashboard/ElasticSearch/data/elasticsearch/nodes/0] free: 18gb[3.8%], shards will be relocated away from this node
[2015-11-24 15:37:30,474][INFO ][cluster.routing.allocation.decider] [Black Cat] rerouting shards: [high disk watermark exceeded on one or more nodes]
[2015-11-24 15:38:00,470][WARN ][cluster.routing.allocation.decider] [Black Cat] high disk watermark [90%] exceeded on [4IXR8c2cR4K9T7iBxzMDQA][Black Cat][/Users/N05F3R4TU/NimbusFramework/Dashboard/ElasticSearch/data/elasticsearch/nodes/0] free: 18gb[3.8%], shards will be relocated away from this node
[2015-11-24 15:38:30,472][WARN ][cluster.routing.allocation.decider] [Black Cat] high disk watermark [90%] exceeded on [4IXR8c2cR4K9T7iBxzMDQA][Black Cat][/Users/N05F3R4TU/NimbusFramework/Dashboard/ElasticSearch/data/elasticsearch/nodes/0] free: 18gb[3.8%], shards will be relocated away from this node
[2015-11-24 15:38:30,472][INFO ][cluster.routing.allocation.decider] [Black Cat] rerouting shards: [high disk watermark exceeded on one or more nodes]
[2015-11-24 15:39:00,473][WARN ][cluster.routing.allocation.decider] [Black Cat] high disk watermark [90%] exceeded on [4IXR8c2cR4K9T7iBxzMDQA][Black Cat][/Users/N05F3R4TU/NimbusFramework/Dashboard/ElasticSearch/data/elasticsearch/nodes/0] free: 18gb[3.8%], shards will be relocated away from this node
[2015-11-24 15:39:30,475][WARN ][cluster.routing.allocation.decider] [Black Cat] high disk watermark [90%] exceeded on [4IXR8c2cR4K9T7iBxzMDQA][Black Cat][/Users/N05F3R4TU/NimbusFramework/Dashboard/ElasticSearch/data/elasticsearch/nodes/0] free: 18gb[3.8%], shards will be relocated away from this node
[2015-11-24 15:39:30,475][INFO ][cluster.routing.allocation.decider] [Black Cat] rerouting shards: [high disk watermark exceeded on one or more nodes]
[2015-11-24 15:40:00,477][WARN ][cluster.routing.allocation.decider] [Black Cat] high disk watermark [90%] exceeded on [4IXR8c2cR4K9T7iBxzMDQA][Black Cat][/Users/N05F3R4TU/NimbusFramework/Dashboard/ElasticSearch/data/elasticsearch/nodes/0] free: 18gb[3.8%], shards will be relocated away from this node
[2015-11-24 15:40:30,478][WARN ][cluster.routing.allocation.decider] [Black Cat] high disk watermark [90%] exceeded on [4IXR8c2cR4K9T7iBxzMDQA][Black Cat][/Users/N05F3R4TU/NimbusFramework/Dashboard/ElasticSearch/data/elasticsearch/nodes/0] free: 18gb[3.8%], shards will be relocated away from this node
[2015-11-24 15:40:30,479][INFO ][cluster.routing.allocation.decider] [Black Cat] rerouting shards: [high disk watermark exceeded on one or more nodes]
[2015-11-24 15:41:00,479][WARN ][cluster.routing.allocation.decider] [Black Cat] high disk watermark [90%] exceeded on [4IXR8c2cR4K9T7iBxzMDQA][Black Cat][/Users/N05F3R4TU/NimbusFramework/Dashboard/ElasticSearch/data/elasticsearch/nodes/0] free: 18gb[3.8%], shards will be relocated away from this node
[2015-11-24 15:41:30,483][WARN ][cluster.routing.allocation.decider] [Black Cat] high disk watermark [90%] exceeded on [4IXR8c2cR4K9T7iBxzMDQA][Black Cat][/Users/N05F3R4TU/NimbusFramework/Dashboard/ElasticSearch/data/elasticsearch/nodes/0] free: 18gb[3.8%], shards will be relocated away from this node
[2015-11-24 15:41:30,483][INFO ][cluster.routing.allocation.decider] [Black Cat] rerouting shards: [high disk watermark exceeded on one or more nodes]
[2015-11-24 15:42:00,485][WARN ][cluster.routing.allocation.decider] [Black Cat] high disk watermark [90%] exceeded on [4IXR8c2cR4K9T7iBxzMDQA][Black Cat][/Users/N05F3R4TU/NimbusFramework/Dashboard/ElasticSearch/data/elasticsearch/nodes/0] free: 18gb[3.8%], shards will be relocated away from this node
[2015-11-24 15:42:30,487][WARN ][cluster.routing.allocation.decider] [Black Cat] high disk watermark [90%] exceeded on [4IXR8c2cR4K9T7iBxzMDQA][Black Cat][/Users/N05F3R4TU/NimbusFramework/Dashboard/ElasticSearch/data/elasticsearch/nodes/0] free: 18gb[3.8%], shards will be relocated away from this node
[2015-11-24 15:42:30,487][INFO ][cluster.routing.allocation.decider] [Black Cat] rerouting shards: [high disk watermark exceeded on one or more nodes]
[2015-11-24 15:43:00,503][WARN ][cluster.routing.allocation.decider] [Black Cat] high disk watermark [90%] exceeded on [4IXR8c2cR4K9T7iBxzMDQA][Black Cat][/Users/N05F3R4TU/NimbusFramework/Dashboard/ElasticSearch/data/elasticsearch/nodes/0] free: 18gb[3.8%], shards will be relocated away from this node
[2015-11-24 15:43:30,496][WARN ][cluster.routing.allocation.decider] [Black Cat] high disk watermark [90%] exceeded on [4IXR8c2cR4K9T7iBxzMDQA][Black Cat][/Users/N05F3R4TU/NimbusFramework/Dashboard/ElasticSearch/data/elasticsearch/nodes/0] free: 18gb[3.8%], shards will be relocated away from this node
[2015-11-24 15:43:30,496][INFO ][cluster.routing.allocation.decider] [Black Cat] rerouting shards: [high disk watermark exceeded on one or more nodes]
[2015-11-24 15:44:00,497][WARN ][cluster.routing.allocation.decider] [Black Cat] high disk watermark [90%] exceeded on [4IXR8c2cR4K9T7iBxzMDQA][Black Cat][/Users/N05F3R4TU/NimbusFramework/Dashboard/ElasticSearch/data/elasticsearch/nodes/0] free: 18gb[3.8%], shards will be relocated away from this node
[2015-11-24 15:44:30,500][WARN ][cluster.routing.allocation.decider] [Black Cat] high disk watermark [90%] exceeded on [4IXR8c2cR4K9T7iBxzMDQA][Black Cat][/Users/N05F3R4TU/NimbusFramework/Dashboard/ElasticSearch/data/elasticsearch/nodes/0] free: 18gb[3.8%], shards will be relocated away from this node
[2015-11-24 15:44:30,500][INFO ][cluster.routing.allocation.decider] [Black Cat] rerouting shards: [high disk watermark exceeded on one or more nodes]
[2015-11-24 15:45:00,503][WARN ][cluster.routing.allocation.decider] [Black Cat] high disk watermark [90%] exceeded on [4IXR8c2cR4K9T7iBxzMDQA][Black Cat][/Users/N05F3R4TU/NimbusFramework/Dashboard/ElasticSearch/data/elasticsearch/nodes/0] free: 18gb[3.8%], shards will be relocated away from this node
[2015-11-24 15:45:30,504][WARN ][cluster.routing.allocation.decider] [Black Cat] high disk watermark [90%] exceeded on [4IXR8c2cR4K9T7iBxzMDQA][Black Cat][/Users/N05F3R4TU/NimbusFramework/Dashboard/ElasticSearch/data/elasticsearch/nodes/0] free: 18gb[3.8%], shards will be relocated away from this node
[2015-11-24 15:45:30,504][INFO ][cluster.routing.allocation.decider] [Black Cat] rerouting shards: [high disk watermark exceeded on one or more nodes]
[2015-11-24 15:46:00,505][WARN ][cluster.routing.allocation.decider] [Black Cat] high disk watermark [90%] exceeded on [4IXR8c2cR4K9T7iBxzMDQA][Black Cat][/Users/N05F3R4TU/NimbusFramework/Dashboard/ElasticSearch/data/elasticsearch/nodes/0] free: 18gb[3.8%], shards will be relocated away from this node
[2015-11-24 15:46:30,508][WARN ][cluster.routing.allocation.decider] [Black Cat] high disk watermark [90%] exceeded on [4IXR8c2cR4K9T7iBxzMDQA][Black Cat][/Users/N05F3R4TU/NimbusFramework/Dashboard/ElasticSearch/data/elasticsearch/nodes/0] free: 18gb[3.8%], shards will be relocated away from this node
[2015-11-24 15:46:30,508][INFO ][cluster.routing.allocation.decider] [Black Cat] rerouting shards: [high disk watermark exceeded on one or more nodes]
[2015-11-24 15:47:00,512][WARN ][cluster.routing.allocation.decider] [Black Cat] high disk watermark [90%] exceeded on [4IXR8c2cR4K9T7iBxzMDQA][Black Cat][/Users/N05F3R4TU/NimbusFramework/Dashboard/ElasticSearch/data/elasticsearch/nodes/0] free: 18gb[3.8%], shards will be relocated away from this node
[2015-11-24 15:47:30,521][WARN ][cluster.routing.allocation.decider] [Black Cat] high disk watermark [90%] exceeded on [4IXR8c2cR4K9T7iBxzMDQA][Black Cat][/Users/N05F3R4TU/NimbusFramework/Dashboard/ElasticSearch/data/elasticsearch/nodes/0] free: 18gb[3.8%], shards will be relocated away from this node
[2015-11-24 15:47:30,521][INFO ][cluster.routing.allocation.decider] [Black Cat] rerouting shards: [high disk watermark exceeded on one or more nodes]
[2015-11-24 15:48:00,516][WARN ][cluster.routing.allocation.decider] [Black Cat] high disk watermark [90%] exceeded on [4IXR8c2cR4K9T7iBxzMDQA][Black Cat][/Users/N05F3R4TU/NimbusFramework/Dashboard/ElasticSearch/data/elasticsearch/nodes/0] free: 18gb[3.8%], shards will be relocated away from this node
[2015-11-24 15:48:30,541][WARN ][cluster.routing.allocation.decider] [Black Cat] high disk watermark [90%] exceeded on [4IXR8c2cR4K9T7iBxzMDQA][Black Cat][/Users/N05F3R4TU/NimbusFramework/Dashboard/ElasticSearch/data/elasticsearch/nodes/0] free: 18gb[3.8%], shards will be relocated away from this node
[2015-11-24 15:48:30,541][INFO ][cluster.routing.allocation.decider] [Black Cat] rerouting shards: [high disk watermark exceeded on one or more nodes]
[2015-11-24 15:49:00,542][WARN ][cluster.routing.allocation.decider] [Black Cat] high disk watermark [90%] exceeded on [4IXR8c2cR4K9T7iBxzMDQA][Black Cat][/Users/N05F3R4TU/NimbusFramework/Dashboard/ElasticSearch/data/elasticsearch/nodes/0] free: 18gb[3.8%], shards will be relocated away from this node
[2015-11-24 15:49:30,544][WARN ][cluster.routing.allocation.decider] [Black Cat] high disk watermark [90%] exceeded on [4IXR8c2cR4K9T7iBxzMDQA][Black Cat][/Users/N05F3R4TU/NimbusFramework/Dashboard/ElasticSearch/data/elasticsearch/nodes/0] free: 18gb[3.8%], shards will be relocated away from this node
[2015-11-24 15:49:30,544][INFO ][cluster.routing.allocation.decider] [Black Cat] rerouting shards: [high disk watermark exceeded on one or more nodes]
[2015-11-24 15:50:00,553][WARN ][cluster.routing.allocation.decider] [Black Cat] high disk watermark [90%] exceeded on [4IXR8c2cR4K9T7iBxzMDQA][Black Cat][/Users/N05F3R4TU/NimbusFramework/Dashboard/ElasticSearch/data/elasticsearch/nodes/0] free: 18gb[3.8%], shards will be relocated away from this node
[2015-11-24 15:50:30,554][WARN ][cluster.routing.allocation.decider] [Black Cat] high disk watermark [90%] exceeded on [4IXR8c2cR4K9T7iBxzMDQA][Black Cat][/Users/N05F3R4TU/NimbusFramework/Dashboard/ElasticSearch/data/elasticsearch/nodes/0] free: 18gb[3.8%], shards will be relocated away from this node
[2015-11-24 15:50:30,554][INFO ][cluster.routing.allocation.decider] [Black Cat] rerouting shards: [high disk watermark exceeded on one or more nodes]
[2015-11-24 15:51:00,557][WARN ][cluster.routing.allocation.decider] [Black Cat] high disk watermark [90%] exceeded on [4IXR8c2cR4K9T7iBxzMDQA][Black Cat][/Users/N05F3R4TU/NimbusFramework/Dashboard/ElasticSearch/data/elasticsearch/nodes/0] free: 18gb[3.8%], shards will be relocated away from this node
[2015-11-24 15:51:30,558][WARN ][cluster.routing.allocation.decider] [Black Cat] high disk watermark [90%] exceeded on [4IXR8c2cR4K9T7iBxzMDQA][Black Cat][/Users/N05F3R4TU/NimbusFramework/Dashboard/ElasticSearch/data/elasticsearch/nodes/0] free: 18gb[3.8%], shards will be relocated away from this node
[2015-11-24 15:51:30,558][INFO ][cluster.routing.allocation.decider] [Black Cat] rerouting shards: [high disk watermark exceeded on one or more nodes]
[2015-11-24 15:52:00,557][WARN ][cluster.routing.allocation.decider] [Black Cat] high disk watermark [90%] exceeded on [4IXR8c2cR4K9T7iBxzMDQA][Black Cat][/Users/N05F3R4TU/NimbusFramework/Dashboard/ElasticSearch/data/elasticsearch/nodes/0] free: 18gb[3.8%], shards will be relocated away from this node
[2015-11-24 15:52:30,560][WARN ][cluster.routing.allocation.decider] [Black Cat] high disk watermark [90%] exceeded on [4IXR8c2cR4K9T7iBxzMDQA][Black Cat][/Users/N05F3R4TU/NimbusFramework/Dashboard/ElasticSearch/data/elasticsearch/nodes/0] free: 18gb[3.8%], shards will be relocated away from this node
[2015-11-24 15:52:30,560][INFO ][cluster.routing.allocation.decider] [Black Cat] rerouting shards: [high disk watermark exceeded on one or more nodes]
[2015-11-24 15:52:51,514][INFO ][node                     ] [Black Cat] stopping ...
[2015-11-24 15:52:51,535][INFO ][node                     ] [Black Cat] stopped
[2015-11-24 15:52:51,535][INFO ][node                     ] [Black Cat] closing ...
[2015-11-24 15:52:51,550][INFO ][node                     ] [Black Cat] closed
